\BOOKMARK [0][-]{chapter.1}{\376\377\0001\000\040\000I\000n\000t\000r\000o\000d\000u\000c\000t\000i\000o\000n}{}% 1
\BOOKMARK [1][-]{section.1.1}{\376\377\0001\000.\0001\000\040\000C\000o\000n\000t\000r\000i\000b\000u\000t\000i\000o\000n\000s\000\040\000o\000f\000\040\000T\000h\000i\000s\000\040\000T\000h\000e\000s\000i\000s}{chapter.1}% 2
\BOOKMARK [1][-]{section.1.2}{\376\377\0001\000.\0002\000\040\000S\000t\000r\000u\000c\000t\000u\000r\000e\000\040\000o\000f\000\040\000T\000h\000i\000s\000\040\000T\000h\000e\000s\000i\000s}{chapter.1}% 3
\BOOKMARK [0][-]{chapter.2}{\376\377\0002\000\040\000R\000e\000l\000a\000t\000e\000d\000\040\000W\000o\000r\000k}{}% 4
\BOOKMARK [1][-]{section.2.1}{\376\377\0002\000.\0001\000\040\0003\000D\000\040\000O\000b\000j\000e\000c\000t\000\040\000D\000e\000t\000e\000c\000t\000i\000o\000n\000\040\000a\000n\000d\000\040\000P\000o\000s\000e\000\040\000E\000s\000t\000i\000m\000a\000t\000i\000o\000n}{chapter.2}% 5
\BOOKMARK [1][-]{section.2.2}{\376\377\0002\000.\0002\000\040\0003\000D\000\040\000O\000b\000j\000e\000c\000t\000\040\000D\000e\000t\000e\000c\000t\000i\000o\000n\000\040\000M\000e\000t\000h\000o\000d\000s}{chapter.2}% 6
\BOOKMARK [1][-]{section.2.3}{\376\377\0002\000.\0003\000\040\000D\000a\000t\000a\000s\000e\000t\000s\000\040\000f\000o\000r\000\040\0003\000D\000\040\000O\000b\000j\000e\000c\000t\000\040\000D\000e\000t\000e\000c\000t\000i\000o\000n\000\040\000i\000n\000\040\000A\000u\000t\000o\000n\000o\000m\000o\000u\000s\000\040\000D\000r\000i\000v\000i\000n\000g}{chapter.2}% 7
\BOOKMARK [1][-]{section.2.4}{\376\377\0002\000.\0004\000\040\000P\000e\000r\000f\000o\000r\000m\000a\000n\000c\000e\000\040\000M\000e\000t\000r\000i\000c\000s\000\040\000f\000o\000r\000\040\0003\000D\000\040\000O\000b\000j\000e\000c\000t\000\040\000D\000e\000t\000e\000c\000t\000i\000o\000n}{chapter.2}% 8
\BOOKMARK [1][-]{section.2.5}{\376\377\0002\000.\0005\000\040\000S\000u\000m\000m\000a\000r\000y}{chapter.2}% 9
\BOOKMARK [0][-]{chapter.3}{\376\377\0003\000\040\000C\000r\000e\000a\000t\000i\000n\000g\000\040\000D\000a\000t\000a\000s\000e\000t}{}% 10
\BOOKMARK [1][-]{section.3.1}{\376\377\0003\000.\0001\000\040\000I\000n\000t\000r\000o\000d\000u\000c\000t\000i\000o\000n}{chapter.3}% 11
\BOOKMARK [1][-]{section.3.2}{\376\377\0003\000.\0002\000\040\000D\000a\000t\000a\000\040\000C\000o\000l\000l\000e\000c\000t\000i\000o\000n\000\040\000P\000r\000o\000c\000e\000s\000s}{chapter.3}% 12
\BOOKMARK [1][-]{section.3.3}{\376\377\0003\000.\0003\000\040\000P\000r\000e\000p\000r\000o\000c\000e\000s\000s\000i\000n\000g\000\040\000a\000n\000d\000\040\000D\000a\000t\000a\000\040\000R\000e\000f\000i\000n\000e\000m\000e\000n\000t}{chapter.3}% 13
\BOOKMARK [1][-]{section.3.4}{\376\377\0003\000.\0004\000\040\000D\000a\000t\000a\000s\000e\000t\000\040\000S\000t\000r\000u\000c\000t\000u\000r\000e\000\040\000a\000n\000d\000\040\000A\000n\000n\000o\000t\000a\000t\000i\000o\000n\000\040\000F\000o\000r\000m\000a\000t}{chapter.3}% 14
\BOOKMARK [1][-]{section.3.5}{\376\377\0003\000.\0005\000\040\000G\000r\000o\000u\000n\000d\000\040\000T\000r\000u\000t\000h\000\040\000G\000e\000n\000e\000r\000a\000t\000i\000o\000n\000:\000\040\000F\000i\000t\000t\000i\000n\000g\000\040\000a\000\040\000C\000i\000r\000c\000l\000e\000\040\000\050\000i\000n\000i\000t\000i\000a\000l\000\040\000a\000p\000p\000r\000o\000a\000c\000h\000\051}{chapter.3}% 15
\BOOKMARK [1][-]{section.3.6}{\376\377\0003\000.\0006\000\040\000G\000r\000o\000u\000n\000d\000\040\000T\000r\000u\000t\000h\000\040\000G\000e\000n\000e\000r\000a\000t\000i\000o\000n\000:\000\040\000A\000r\000U\000c\000o\000\040\000B\000o\000a\000r\000d\000\040\000\050\000R\000e\000f\000i\000n\000e\000d\000\040\000A\000p\000p\000r\000o\000a\000c\000h\000\051}{chapter.3}% 16
\BOOKMARK [1][-]{section.3.7}{\376\377\0003\000.\0007\000\040\000E\000x\000p\000e\000r\000i\000m\000e\000n\000t\000s}{chapter.3}% 17
\BOOKMARK [1][-]{section.3.8}{\376\377\0003\000.\0008\000\040\000R\000e\000s\000u\000l\000t\000s}{chapter.3}% 18
\BOOKMARK [1][-]{section.3.9}{\376\377\0003\000.\0009\000\040\000C\000o\000n\000c\000l\000u\000s\000i\000o\000n}{chapter.3}% 19
\BOOKMARK [0][-]{chapter.4}{\376\377\0004\000\040\000E\000s\000t\000i\000m\000a\000t\000i\000n\000g\000\040\000S\000t\000e\000e\000r\000i\000n\000g\000\040\000W\000h\000e\000e\000l\000\040\000P\000o\000s\000i\000t\000i\000o\000n}{}% 20
\BOOKMARK [1][-]{section.4.1}{\376\377\0004\000.\0001\000\040\000I\000n\000t\000r\000o\000d\000u\000c\000t\000i\000o\000n}{chapter.4}% 21
\BOOKMARK [1][-]{section.4.2}{\376\377\0004\000.\0002\000\040\000N\000e\000t\000w\000o\000r\000k\000\040\000A\000r\000c\000h\000i\000t\000e\000c\000t\000u\000r\000e}{chapter.4}% 22
\BOOKMARK [1][-]{section.4.3}{\376\377\0004\000.\0003\000\040\000A\000d\000a\000p\000t\000a\000t\000i\000o\000n\000s\000\040\000f\000o\000r\000\040\000S\000t\000e\000e\000r\000i\000n\000g\000\040\000W\000h\000e\000e\000l\000\040\000D\000e\000t\000e\000c\000t\000i\000o\000n}{chapter.4}% 23
\BOOKMARK [1][-]{section.4.4}{\376\377\0004\000.\0004\000\040\000R\000e\000s\000u\000l\000t\000s}{chapter.4}% 24
\BOOKMARK [1][-]{section.4.5}{\376\377\0004\000.\0005\000\040\000C\000o\000n\000c\000l\000u\000s\000i\000o\000n}{chapter.4}% 25
\BOOKMARK [0][-]{chapter.5}{\376\377\0005\000\040\000C\000o\000n\000c\000l\000u\000s\000i\000o\000n}{}% 26
\BOOKMARK [0][-]{chapter.6}{\376\377\0006\000\040\000N\000e\000x\000t\000\040\000S\000t\000e\000p\000s}{}% 27
\BOOKMARK [0][-]{chapter*.61}{\376\377\000B\000i\000b\000l\000i\000o\000g\000r\000a\000p\000h\000y}{}% 28
